#
# There is insufficient memory for the Java Runtime Environment to continue.
# Native memory allocation (mmap) failed to map 134217728 bytes. Error detail: G1 virtual space
# Possible reasons:
#   The system is out of physical RAM or swap space
#   This process is running with CompressedOops enabled, and the Java Heap may be blocking the growth of the native heap
# Possible solutions:
#   Reduce memory load on the system
#   Increase physical memory or swap space
#   Check if swap backing store is full
#   Decrease Java heap size (-Xmx/-Xms)
#   Decrease number of Java threads
#   Decrease Java thread stack sizes (-Xss)
#   Set larger code cache with -XX:ReservedCodeCacheSize=
#   JVM is running with Unscaled Compressed Oops mode in which the Java heap is
#     placed in the first 4GB address space. The Java Heap base address is the
#     maximum limit for the native heap growth. Please use -XX:HeapBaseMinAddress
#     to set the Java Heap base and to place the Java Heap above 4GB virtual address.
# This output file may be truncated or incomplete.
#
#  Out of Memory Error (os_windows.cpp:3898), pid=15860, tid=16732
#
# JRE version:  (21.0.6) (build )
# Java VM: OpenJDK 64-Bit Server VM (21.0.6+-13355223-b631.42, mixed mode, sharing, tiered, compressed oops, compressed class ptrs, g1 gc, windows-amd64)
# No core dump will be written. Minidumps are not enabled by default on client versions of Windows
#

---------------  S U M M A R Y ------------

Command Line: git4idea.http.GitAskPassApp Username for 'https://github.com': 

Host: Intel(R) Core(TM) i3-10105 CPU @ 3.70GHz, 8 cores, 7G,  Windows 11 , 64 bit Build 27842 (10.0.27842.1000)
Time: Tue May 13 19:33:48 2025 SE Asia Standard Time elapsed time: 0.096100 seconds (0d 0h 0m 0s)

---------------  T H R E A D  ---------------

Current thread (0x000000a739d92060):  JavaThread "Unknown thread" [_thread_in_vm, id=16732, stack(0x000000a73a060000,0x000000a73a160000) (1024K)]

Stack: [0x000000a73a060000,0x000000a73a160000]
Native frames: (J=compiled Java code, j=interpreted, Vv=VM code, C=native code)
V  [jvm.dll+0x6d05a9]
V  [jvm.dll+0x85ea73]
V  [jvm.dll+0x860fce]
V  [jvm.dll+0x8616b3]
V  [jvm.dll+0x27e6e6]
V  [jvm.dll+0x6ccf45]
V  [jvm.dll+0x6c09fa]
V  [jvm.dll+0x35535b]
V  [jvm.dll+0x35cfb6]
V  [jvm.dll+0x3aef46]
V  [jvm.dll+0x3af218]
V  [jvm.dll+0x327a2c]
V  [jvm.dll+0x32871b]
V  [jvm.dll+0x8264b9]
V  [jvm.dll+0x3bc118]
V  [jvm.dll+0x80f768]
V  [jvm.dll+0x4502ce]
V  [jvm.dll+0x451a31]
C  [jli.dll+0x52ab]
C  [ucrtbase.dll+0x8cef0]
C  [KERNEL32.DLL+0x35f37]
C  [ntdll.dll+0x33770]


---------------  P R O C E S S  ---------------

Threads class SMR info:
_java_thread_list=0x00007ffd82241848, length=0, elements={
}

Java Threads: ( => current thread )
Total: 0

Other Threads:
  0x000000a73a2996f0 WorkerThread "GC Thread#0"                     [id=14952, stack(0x000000a74bca0000,0x000000a74bda0000) (1024K)]
  0x000000a73a2aa410 ConcurrentGCThread "G1 Main Marker"            [id=17040, stack(0x000000a74bda0000,0x000000a74bea0000) (1024K)]
  0x000000a73a2abd50 WorkerThread "G1 Conc#0"                       [id=13776, stack(0x000000a74bea0000,0x000000a74bfa0000) (1024K)]

[error occurred during error reporting (printing all threads), id 0xc0000005, EXCEPTION_ACCESS_VIOLATION (0xc0000005) at pc=0x00007ffd81a3aa67]
VM state: not at safepoint (not fully initialized)

VM Mutex/Monitor currently owned by a thread:  ([mutex/lock_event])
[0x00007ffd822ae4a0] Heap_lock - owner thread: 0x000000a739d92060

Heap address: 0x0000000081600000, size: 2026 MB, Compressed Oops mode: 32-bit

CDS archive(s) mapped at: [0x0000000000000000-0x0000000000000000-0x0000000000000000), size 0, SharedBaseAddress: 0x0000000800000000, ArchiveRelocationMode: 1.
Narrow klass base: 0x0000000000000000, Narrow klass shift: 0, Narrow klass range: 0x0

GC Precious Log:
 CardTable entry size: 512
 Card Set container configuration: InlinePtr #cards 5 size 8 Array Of Cards #cards 12 size 40 Howl #buckets 4 coarsen threshold 1843 Howl Bitmap #cards 512 size 80 coarsen threshold 460 Card regions per heap region 1 cards per card region 2048

Heap:
 garbage-first heap   total 0K, used 0K [0x0000000081600000, 0x0000000100000000)
  region size 1024K, 0 young (0K), 0 survivors (0K)
 Metaspace       used 0K, committed 0K, reserved 0K
  class space    used 0K, committed 0K, reserved 0K

Heap Regions: E=young(eden), S=young(survivor), O=old, HS=humongous(starts), HC=humongous(continues), CS=collection set, F=free, TAMS=top-at-mark-start, PB=parsable bottom

Card table byte_map: [0x000000a7498f0000,0x000000a749cf0000] _byte_map_base: 0x000000a7494e5000

Marking Bits: (CMBitMap*) 0x000000a73a299df0
 Bits: [0x000000a749cf0000, 0x000000a74bc98000)

GC Heap History (0 events):
No events

Dll operation events (1 events):
Event: 0.007 Loaded shared library F:\Android Studio\jbr\bin\java.dll

Deoptimization events (0 events):
No events

Classes loaded (0 events):
No events

Classes unloaded (0 events):
No events

Classes redefined (0 events):
No events

Internal exceptions (0 events):
No events

ZGC Phase Switch (0 events):
No events

VM Operations (0 events):
No events

Memory protections (0 events):
No events

Nmethod flushes (0 events):
No events

Events (0 events):
No events


Dynamic libraries:
0x00007ff746940000 - 0x00007ff74694a000 	F:\Android Studio\jbr\bin\java.exe
0x00007ffde1e10000 - 0x00007ffde2065000 	C:\WINDOWS\SYSTEM32\ntdll.dll
0x00007ffde16b0000 - 0x00007ffde1779000 	C:\WINDOWS\System32\KERNEL32.DLL
0x00007ffddf5f0000 - 0x00007ffddf9be000 	C:\WINDOWS\System32\KERNELBASE.dll
0x00007ffddf490000 - 0x00007ffddf5de000 	C:\WINDOWS\System32\ucrtbase.dll
0x00007ffdd9df0000 - 0x00007ffdd9e0b000 	F:\Android Studio\jbr\bin\VCRUNTIME140.dll
0x00007ffdb1da0000 - 0x00007ffdb1db8000 	F:\Android Studio\jbr\bin\jli.dll
0x00007ffde0720000 - 0x00007ffde08ed000 	C:\WINDOWS\System32\USER32.dll
0x00007ffddfa50000 - 0x00007ffddfa77000 	C:\WINDOWS\System32\win32u.dll
0x00007ffde0f50000 - 0x00007ffde0f83000 	C:\WINDOWS\System32\GDI32.dll
0x00007ffdc0790000 - 0x00007ffdc0a28000 	C:\WINDOWS\WinSxS\amd64_microsoft.windows.common-controls_6595b64144ccf1df_6.0.27842.1000_none_1404d46fa18e039c\COMCTL32.dll
0x00007ffddf1e0000 - 0x00007ffddf30d000 	C:\WINDOWS\System32\gdi32full.dll
0x00007ffde1600000 - 0x00007ffde16a9000 	C:\WINDOWS\System32\msvcrt.dll
0x00007ffddf130000 - 0x00007ffddf1d4000 	C:\WINDOWS\System32\msvcp_win.dll
0x00007ffde0ba0000 - 0x00007ffde0c46000 	C:\WINDOWS\System32\sechost.dll
0x00007ffde0c50000 - 0x00007ffde0c7f000 	C:\WINDOWS\System32\IMM32.DLL
0x00007ffdd9150000 - 0x00007ffdd915c000 	F:\Android Studio\jbr\bin\vcruntime140_1.dll
0x00007ffd83be0000 - 0x00007ffd83c6d000 	F:\Android Studio\jbr\bin\msvcp140.dll
0x00007ffd81700000 - 0x00007ffd8238b000 	F:\Android Studio\jbr\bin\server\jvm.dll
0x00007ffde0c90000 - 0x00007ffde0d43000 	C:\WINDOWS\System32\ADVAPI32.dll
0x00007ffde0980000 - 0x00007ffde0a92000 	C:\WINDOWS\System32\RPCRT4.dll
0x00007ffde05c0000 - 0x00007ffde0635000 	C:\WINDOWS\System32\WS2_32.dll
0x00007ffddddb0000 - 0x00007ffddde0d000 	C:\WINDOWS\SYSTEM32\POWRPROF.dll
0x00007ffdd0e90000 - 0x00007ffdd0ec6000 	C:\WINDOWS\SYSTEM32\WINMM.dll
0x00007ffdd8ad0000 - 0x00007ffdd8adb000 	C:\WINDOWS\SYSTEM32\VERSION.dll
0x00007ffdddd90000 - 0x00007ffdddda4000 	C:\WINDOWS\SYSTEM32\UMPDC.dll
0x00007ffddde10000 - 0x00007ffddde2a000 	C:\WINDOWS\SYSTEM32\kernel.appcore.dll
0x00007ffdd9140000 - 0x00007ffdd914a000 	F:\Android Studio\jbr\bin\jimage.dll
0x00007ffdc5d70000 - 0x00007ffdc6040000 	C:\WINDOWS\SYSTEM32\DBGHELP.DLL
0x00007ffde1930000 - 0x00007ffde1cb1000 	C:\WINDOWS\System32\combase.dll
0x00007ffde1780000 - 0x00007ffde1856000 	C:\WINDOWS\System32\OLEAUT32.dll
0x00007ffdc8300000 - 0x00007ffdc8339000 	C:\WINDOWS\SYSTEM32\dbgcore.DLL
0x00007ffddee70000 - 0x00007ffddef02000 	C:\WINDOWS\System32\bcryptPrimitives.dll
0x00007ffdd8dc0000 - 0x00007ffdd8de0000 	F:\Android Studio\jbr\bin\java.dll

dbghelp: loaded successfully - version: 4.0.5 - missing functions: none
symbol engine: initialized successfully - sym options: 0x614 - pdb path: .;F:\Android Studio\jbr\bin;C:\WINDOWS\SYSTEM32;C:\WINDOWS\WinSxS\amd64_microsoft.windows.common-controls_6595b64144ccf1df_6.0.27842.1000_none_1404d46fa18e039c;F:\Android Studio\jbr\bin\server

VM Arguments:
java_command: git4idea.http.GitAskPassApp Username for 'https://github.com': 
java_class_path (initial): F:/Android Studio/plugins/vcs-git/lib/git4idea-rt.jar;F:/Android Studio/lib/externalProcess-rt.jar
Launcher Type: SUN_STANDARD

[Global flags]
     intx CICompilerCount                          = 4                                         {product} {ergonomic}
     uint ConcGCThreads                            = 2                                         {product} {ergonomic}
     uint G1ConcRefinementThreads                  = 8                                         {product} {ergonomic}
   size_t G1HeapRegionSize                         = 1048576                                   {product} {ergonomic}
    uintx GCDrainStackTargetSize                   = 64                                        {product} {ergonomic}
   size_t InitialHeapSize                          = 134217728                                 {product} {ergonomic}
   size_t MarkStackSize                            = 4194304                                   {product} {ergonomic}
   size_t MaxHeapSize                              = 2124414976                                {product} {ergonomic}
   size_t MinHeapDeltaBytes                        = 1048576                                   {product} {ergonomic}
   size_t MinHeapSize                              = 8388608                                   {product} {ergonomic}
    uintx NonNMethodCodeHeapSize                   = 5839372                                {pd product} {ergonomic}
    uintx NonProfiledCodeHeapSize                  = 122909434                              {pd product} {ergonomic}
    uintx ProfiledCodeHeapSize                     = 122909434                              {pd product} {ergonomic}
    uintx ReservedCodeCacheSize                    = 251658240                              {pd product} {ergonomic}
     bool SegmentedCodeCache                       = true                                      {product} {ergonomic}
   size_t SoftMaxHeapSize                          = 2124414976                             {manageable} {ergonomic}
     bool UseCompressedOops                        = true                           {product lp64_product} {ergonomic}
     bool UseG1GC                                  = true                                      {product} {ergonomic}
     bool UseLargePagesIndividualAllocation        = false                                  {pd product} {ergonomic}

Logging:
Log output configuration:
 #0: stdout all=warning uptime,level,tags foldmultilines=false
 #1: stderr all=off uptime,level,tags foldmultilines=false

Environment Variables:
PATH=C:\Program Files\Git\mingw64\libexec\git-core;C:\Program Files\Git\mingw64\libexec\git-core;C:\Program Files\Git\mingw64\bin;C:\Program Files\Git\usr\bin;C:\Users\khoad\bin;C:\WINDOWS\system32;C:\WINDOWS;C:\WINDOWS\System32\Wbem;C:\WINDOWS\System32\WindowsPowerShell\v1.0;C:\WINDOWS\System32\OpenSSH;C:\Program Files\Git\cmd;C:\Program Files\NVIDIA Corporation\NVIDIA App\NvDLISR;C:\Program Files (x86)\NVIDIA Corporation\PhysX\Common;C:\Users\khoad\AppData\Local\Microsoft\WindowsApps;C:\Users\khoad\AppData\Local\Programs\Microsoft VS Code\bin
USERNAME=khoad
DISPLAY=:0.0
LC_ALL=en_US.UTF-8
TERM=xterm-256color
TMPDIR=C:\Users\khoad\AppData\Local\Temp
OS=Windows_NT
PROCESSOR_IDENTIFIER=Intel64 Family 6 Model 165 Stepping 3, GenuineIntel
TMP=C:\Users\khoad\AppData\Local\Temp
TEMP=C:\Users\khoad\AppData\Local\Temp




Periodic native trim disabled

JNI global refs:
JNI global refs: 0, weak refs: 0

JNI global refs memory usage: 0, weak refs: 0

Process memory usage:
Resident Set Size: 12840K (0% of 8297472K total physical memory with 641884K free physical memory)

OOME stack traces (most recent first):
Classloader memory used:

---------------  S Y S T E M  ---------------

OS:
 Windows 11 , 64 bit Build 27842 (10.0.27842.1000)
OS uptime: 0 days 2:23 hours

CPU: total 8 (initial active 8) (4 cores per cpu, 2 threads per core) family 6 model 165 stepping 3 microcode 0xe0, cx8, cmov, fxsr, ht, mmx, 3dnowpref, sse, sse2, sse3, ssse3, sse4.1, sse4.2, popcnt, lzcnt, tsc, tscinvbit, avx, avx2, aes, erms, clmul, bmi1, bmi2, adx, fma, vzeroupper, clflush, clflushopt, rdtscp, f16c
Processor Information for the first 8 processors :
  Max Mhz: 3696, Current Mhz: 3696, Mhz Limit: 3696

Memory: 4k page, system-wide physical 8103M (626M free)
TotalPageFile size 22481M (AvailPageFile size 75M)
current process WorkingSet (physical memory assigned to process): 12M, peak: 12M
current process commit charge ("private bytes"): 60M, peak: 188M

vm_info: OpenJDK 64-Bit Server VM (21.0.6+-13355223-b631.42) for windows-amd64 JRE (21.0.6+-13355223-b631.42), built on 2025-04-14T18:21:23Z by "builder" with MS VC++ 16.10 / 16.11 (VS2019)

END.
